[2025-06-10 14:28:50] [javac-extractor-25044] Starting extraction for:
                                              sun.java.command=com.semmle.extractor.java.JavaExtractor --jdk-version 21 --javac-args @@@D:\workspace\2025\250530-mobile-demos\demo\codeql-db\log\ext\javac-1.args
                                              user.dir=D:\workspace\2025\250530-mobile-demos\demo
[2025-06-10 14:28:50] [javac-extractor-25044] Compilation name D:/workspace/2025/250530-mobile-demos/demo/codeql-db/trap/java/diagnostics/diagnostic-1.trap.gz
[2025-06-10 14:28:50] [javac-extractor-25044] [WARN] Appending source destination directory D:\workspace\2025\250530-mobile-demos\demo\app\build\generated\ap_generated_sources\release\out to sourcepath
[2025-06-10 14:28:52] [javac-extractor-25044] Processing file D:\workspace\2025\250530-mobile-demos\demo\app\build\generated\data_binding_base_class_source_out\release\out\com\example\demo\databinding\FragmentFirstBinding.java
[2025-06-10 14:28:52] [javac-extractor-25044] [WARN] Not rewriting trap file for D:\workspace\2025\250530-mobile-demos\demo\codeql-db\trap\java\classes\android\view\LayoutInflater.members\LayoutInflater.members#52.0-1199116800000-java.trap.gz as it exists
[2025-06-10 14:28:52] [javac-extractor-25044] [WARN] Not rewriting trap file for D:\workspace\2025\250530-mobile-demos\demo\codeql-db\trap\java\classes\android\view\View.members\View.members#52.0-1199116800000-java.trap.gz as it exists
[2025-06-10 14:28:52] [javac-extractor-25044] [WARN] Not rewriting trap file for D:\workspace\2025\250530-mobile-demos\demo\codeql-db\trap\java\classes\android\view\ViewGroup.members\ViewGroup.members#52.0-1199116800000-java.trap.gz as it exists
[2025-06-10 14:28:52] [javac-extractor-25044] [WARN] Not rewriting trap file for D:\workspace\2025\250530-mobile-demos\demo\codeql-db\trap\java\classes\android\widget\Button.members\Button.members#52.0-1199116800000-java.trap.gz as it exists
[2025-06-10 14:28:52] [javac-extractor-25044] [WARN] Not rewriting trap file for D:\workspace\2025\250530-mobile-demos\demo\codeql-db\trap\java\classes\android\widget\TextView.members\TextView.members#52.0-1199116800000-java.trap.gz as it exists
[2025-06-10 14:28:52] [javac-extractor-25044] [WARN] Not rewriting trap file for D:\workspace\2025\250530-mobile-demos\demo\codeql-db\trap\java\classes\androidx\annotation\NonNull.members\NonNull.members#52.0-318182400000-java.trap.gz as it exists
[2025-06-10 14:28:52] [javac-extractor-25044] [WARN] Not rewriting trap file for D:\workspace\2025\250530-mobile-demos\demo\codeql-db\trap\java\classes\androidx\annotation\Nullable.members\Nullable.members#52.0-318182400000-java.trap.gz as it exists
[2025-06-10 14:28:52] [javac-extractor-25044] [WARN] Not rewriting trap file for D:\workspace\2025\250530-mobile-demos\demo\codeql-db\trap\java\classes\androidx\core\widget\NestedScrollView.members\NestedScrollView.members#52.0-347130062000-java.trap.gz as it exists
[2025-06-10 14:28:52] [javac-extractor-25044] [WARN] Not rewriting trap file for D:\workspace\2025\250530-mobile-demos\demo\codeql-db\trap\java\classes\androidx\viewbinding\ViewBinding.members\ViewBinding.members#52.0-347130062000-java.trap.gz as it exists
[2025-06-10 14:28:52] [javac-extractor-25044] [WARN] Not rewriting trap file for D:\workspace\2025\250530-mobile-demos\demo\codeql-db\trap\java\classes\androidx\viewbinding\ViewBindings.members\ViewBindings.members#52.0-347130062000-java.trap.gz as it exists
[2025-06-10 14:28:52] [javac-extractor-25044] [WARN] Not rewriting trap file for D:\workspace\2025\250530-mobile-demos\demo\codeql-db\trap\java\classes\com\example\demo\R.members\R.members#52.0-347130062000-java.trap.gz as it exists
[2025-06-10 14:28:52] [javac-extractor-25044] [WARN] Not rewriting trap file for D:\workspace\2025\250530-mobile-demos\demo\codeql-db\trap\java\classes\java\lang\NullPointerException.members\NullPointerException.members#52.0-1749454011534-java.trap.gz as it exists
[2025-06-10 14:28:52] [javac-extractor-25044] [WARN] Not rewriting trap file for D:\workspace\2025\250530-mobile-demos\demo\codeql-db\trap\java\classes\java\lang\Override.members\Override.members#52.0-1749454011534-java.trap.gz as it exists
[2025-06-10 14:28:52] [javac-extractor-25044] [WARN] Not rewriting trap file for D:\workspace\2025\250530-mobile-demos\demo\codeql-db\trap\java\classes\java\lang\String.members\String.members#52.0-1749454011534-java.trap.gz as it exists
[2025-06-10 14:28:52] [javac-extractor-25044] [WARN] Not rewriting trap file for D:\workspace\2025\250530-mobile-demos\demo\codeql-db\trap\java\classes\java\lang\Object.members\Object.members#52.0-1749454011534-java.trap.gz as it exists
[2025-06-10 14:28:52] [javac-extractor-25044] [WARN] Not rewriting trap file for D:\workspace\2025\250530-mobile-demos\demo\codeql-db\trap\java\classes\com\example\demo\R$layout.members\R$layout.members#52.0-347130062000-java.trap.gz as it exists
[2025-06-10 14:28:52] [javac-extractor-25044] [WARN] Not rewriting trap file for D:\workspace\2025\250530-mobile-demos\demo\codeql-db\trap\java\classes\android\content\res\Resources.members\Resources.members#52.0-1199116800000-java.trap.gz as it exists
[2025-06-10 14:28:52] [javac-extractor-25044] [WARN] Not rewriting trap file for D:\workspace\2025\250530-mobile-demos\demo\codeql-db\trap\java\classes\com\example\demo\R$id.members\R$id.members#52.0-347130062000-java.trap.gz as it exists
[2025-06-10 14:28:52] [javac-extractor-25044] Processing file D:\workspace\2025\250530-mobile-demos\demo\app\build\generated\data_binding_base_class_source_out\release\out\com\example\demo\databinding\ActivityMainBinding.java
[2025-06-10 14:28:52] [javac-extractor-25044] [WARN] Not rewriting trap file for D:\workspace\2025\250530-mobile-demos\demo\codeql-db\trap\java\classes\android\view\LayoutInflater.members\LayoutInflater.members#52.0-1199116800000-java.trap.gz as it exists
[2025-06-10 14:28:52] [javac-extractor-25044] [WARN] Not rewriting trap file for D:\workspace\2025\250530-mobile-demos\demo\codeql-db\trap\java\classes\android\view\View.members\View.members#52.0-1199116800000-java.trap.gz as it exists
[2025-06-10 14:28:52] [javac-extractor-25044] [WARN] Not rewriting trap file for D:\workspace\2025\250530-mobile-demos\demo\codeql-db\trap\java\classes\android\view\ViewGroup.members\ViewGroup.members#52.0-1199116800000-java.trap.gz as it exists
[2025-06-10 14:28:52] [javac-extractor-25044] [WARN] Not rewriting trap file for D:\workspace\2025\250530-mobile-demos\demo\codeql-db\trap\java\classes\androidx\annotation\NonNull.members\NonNull.members#52.0-318182400000-java.trap.gz as it exists
[2025-06-10 14:28:52] [javac-extractor-25044] [WARN] Not rewriting trap file for D:\workspace\2025\250530-mobile-demos\demo\codeql-db\trap\java\classes\androidx\annotation\Nullable.members\Nullable.members#52.0-318182400000-java.trap.gz as it exists
[2025-06-10 14:28:52] [javac-extractor-25044] [WARN] Not rewriting trap file for D:\workspace\2025\250530-mobile-demos\demo\codeql-db\trap\java\classes\androidx\coordinatorlayout\widget\CoordinatorLayout.members\CoordinatorLayout.members#51.0-347130062000-java.trap.gz as it exists
[2025-06-10 14:28:52] [javac-extractor-25044] [WARN] Not rewriting trap file for D:\workspace\2025\250530-mobile-demos\demo\codeql-db\trap\java\classes\androidx\viewbinding\ViewBinding.members\ViewBinding.members#52.0-347130062000-java.trap.gz as it exists
[2025-06-10 14:28:52] [javac-extractor-25044] [WARN] Not rewriting trap file for D:\workspace\2025\250530-mobile-demos\demo\codeql-db\trap\java\classes\androidx\viewbinding\ViewBindings.members\ViewBindings.members#52.0-347130062000-java.trap.gz as it exists
[2025-06-10 14:28:52] [javac-extractor-25044] [WARN] Not rewriting trap file for D:\workspace\2025\250530-mobile-demos\demo\codeql-db\trap\java\classes\com\example\demo\R.members\R.members#52.0-347130062000-java.trap.gz as it exists
[2025-06-10 14:28:52] [javac-extractor-25044] [WARN] Not rewriting trap file for D:\workspace\2025\250530-mobile-demos\demo\codeql-db\trap\java\classes\com\google\android\material\appbar\MaterialToolbar.members\MaterialToolbar.members#52.0-347130062000-java.trap.gz as it exists
[2025-06-10 14:28:52] [javac-extractor-25044] [WARN] Not rewriting trap file for D:\workspace\2025\250530-mobile-demos\demo\codeql-db\trap\java\classes\com\google\android\material\floatingactionbutton\FloatingActionButton.members\FloatingActionButton.members#52.0-347130062000-java.trap.gz as it exists
[2025-06-10 14:28:52] [javac-extractor-25044] [WARN] Not rewriting trap file for D:\workspace\2025\250530-mobile-demos\demo\codeql-db\trap\java\classes\java\lang\NullPointerException.members\NullPointerException.members#52.0-1749454011534-java.trap.gz as it exists
[2025-06-10 14:28:52] [javac-extractor-25044] [WARN] Not rewriting trap file for D:\workspace\2025\250530-mobile-demos\demo\codeql-db\trap\java\classes\java\lang\Override.members\Override.members#52.0-1749454011534-java.trap.gz as it exists
[2025-06-10 14:28:52] [javac-extractor-25044] [WARN] Not rewriting trap file for D:\workspace\2025\250530-mobile-demos\demo\codeql-db\trap\java\classes\java\lang\String.members\String.members#52.0-1749454011534-java.trap.gz as it exists
[2025-06-10 14:28:52] [javac-extractor-25044] [WARN] Not rewriting trap file for D:\workspace\2025\250530-mobile-demos\demo\codeql-db\trap\java\classes\java\lang\Object.members\Object.members#52.0-1749454011534-java.trap.gz as it exists
[2025-06-10 14:28:52] [javac-extractor-25044] [WARN] Not rewriting trap file for D:\workspace\2025\250530-mobile-demos\demo\codeql-db\trap\java\classes\com\example\demo\R$layout.members\R$layout.members#52.0-347130062000-java.trap.gz as it exists
[2025-06-10 14:28:52] [javac-extractor-25044] [WARN] Not rewriting trap file for D:\workspace\2025\250530-mobile-demos\demo\codeql-db\trap\java\classes\android\content\res\Resources.members\Resources.members#52.0-1199116800000-java.trap.gz as it exists
[2025-06-10 14:28:52] [javac-extractor-25044] [WARN] Not rewriting trap file for D:\workspace\2025\250530-mobile-demos\demo\codeql-db\trap\java\classes\com\example\demo\R$id.members\R$id.members#52.0-347130062000-java.trap.gz as it exists
[2025-06-10 14:28:52] [javac-extractor-25044] Processing file D:\workspace\2025\250530-mobile-demos\demo\app\build\generated\data_binding_base_class_source_out\release\out\com\example\demo\databinding\FragmentSecondBinding.java
[2025-06-10 14:28:52] [javac-extractor-25044] [WARN] Not rewriting trap file for D:\workspace\2025\250530-mobile-demos\demo\codeql-db\trap\java\classes\android\view\LayoutInflater.members\LayoutInflater.members#52.0-1199116800000-java.trap.gz as it exists
[2025-06-10 14:28:52] [javac-extractor-25044] [WARN] Not rewriting trap file for D:\workspace\2025\250530-mobile-demos\demo\codeql-db\trap\java\classes\android\view\View.members\View.members#52.0-1199116800000-java.trap.gz as it exists
[2025-06-10 14:28:52] [javac-extractor-25044] [WARN] Not rewriting trap file for D:\workspace\2025\250530-mobile-demos\demo\codeql-db\trap\java\classes\android\view\ViewGroup.members\ViewGroup.members#52.0-1199116800000-java.trap.gz as it exists
[2025-06-10 14:28:52] [javac-extractor-25044] [WARN] Not rewriting trap file for D:\workspace\2025\250530-mobile-demos\demo\codeql-db\trap\java\classes\android\widget\Button.members\Button.members#52.0-1199116800000-java.trap.gz as it exists
[2025-06-10 14:28:52] [javac-extractor-25044] [WARN] Not rewriting trap file for D:\workspace\2025\250530-mobile-demos\demo\codeql-db\trap\java\classes\android\widget\TextView.members\TextView.members#52.0-1199116800000-java.trap.gz as it exists
[2025-06-10 14:28:52] [javac-extractor-25044] [WARN] Not rewriting trap file for D:\workspace\2025\250530-mobile-demos\demo\codeql-db\trap\java\classes\androidx\annotation\NonNull.members\NonNull.members#52.0-318182400000-java.trap.gz as it exists
[2025-06-10 14:28:52] [javac-extractor-25044] [WARN] Not rewriting trap file for D:\workspace\2025\250530-mobile-demos\demo\codeql-db\trap\java\classes\androidx\annotation\Nullable.members\Nullable.members#52.0-318182400000-java.trap.gz as it exists
[2025-06-10 14:28:52] [javac-extractor-25044] [WARN] Not rewriting trap file for D:\workspace\2025\250530-mobile-demos\demo\codeql-db\trap\java\classes\androidx\core\widget\NestedScrollView.members\NestedScrollView.members#52.0-347130062000-java.trap.gz as it exists
[2025-06-10 14:28:52] [javac-extractor-25044] [WARN] Not rewriting trap file for D:\workspace\2025\250530-mobile-demos\demo\codeql-db\trap\java\classes\androidx\viewbinding\ViewBinding.members\ViewBinding.members#52.0-347130062000-java.trap.gz as it exists
[2025-06-10 14:28:52] [javac-extractor-25044] [WARN] Not rewriting trap file for D:\workspace\2025\250530-mobile-demos\demo\codeql-db\trap\java\classes\androidx\viewbinding\ViewBindings.members\ViewBindings.members#52.0-347130062000-java.trap.gz as it exists
[2025-06-10 14:28:52] [javac-extractor-25044] [WARN] Not rewriting trap file for D:\workspace\2025\250530-mobile-demos\demo\codeql-db\trap\java\classes\com\example\demo\R.members\R.members#52.0-347130062000-java.trap.gz as it exists
[2025-06-10 14:28:52] [javac-extractor-25044] [WARN] Not rewriting trap file for D:\workspace\2025\250530-mobile-demos\demo\codeql-db\trap\java\classes\java\lang\NullPointerException.members\NullPointerException.members#52.0-1749454011534-java.trap.gz as it exists
[2025-06-10 14:28:52] [javac-extractor-25044] [WARN] Not rewriting trap file for D:\workspace\2025\250530-mobile-demos\demo\codeql-db\trap\java\classes\java\lang\Override.members\Override.members#52.0-1749454011534-java.trap.gz as it exists
[2025-06-10 14:28:52] [javac-extractor-25044] [WARN] Not rewriting trap file for D:\workspace\2025\250530-mobile-demos\demo\codeql-db\trap\java\classes\java\lang\String.members\String.members#52.0-1749454011534-java.trap.gz as it exists
[2025-06-10 14:28:52] [javac-extractor-25044] [WARN] Not rewriting trap file for D:\workspace\2025\250530-mobile-demos\demo\codeql-db\trap\java\classes\java\lang\Object.members\Object.members#52.0-1749454011534-java.trap.gz as it exists
[2025-06-10 14:28:52] [javac-extractor-25044] [WARN] Not rewriting trap file for D:\workspace\2025\250530-mobile-demos\demo\codeql-db\trap\java\classes\com\example\demo\R$layout.members\R$layout.members#52.0-347130062000-java.trap.gz as it exists
[2025-06-10 14:28:52] [javac-extractor-25044] [WARN] Not rewriting trap file for D:\workspace\2025\250530-mobile-demos\demo\codeql-db\trap\java\classes\android\content\res\Resources.members\Resources.members#52.0-1199116800000-java.trap.gz as it exists
[2025-06-10 14:28:52] [javac-extractor-25044] [WARN] Not rewriting trap file for D:\workspace\2025\250530-mobile-demos\demo\codeql-db\trap\java\classes\com\example\demo\R$id.members\R$id.members#52.0-347130062000-java.trap.gz as it exists
[2025-06-10 14:28:52] [javac-extractor-25044] Processing file D:\workspace\2025\250530-mobile-demos\demo\app\build\generated\data_binding_base_class_source_out\release\out\com\example\demo\databinding\ContentMainBinding.java
[2025-06-10 14:28:52] [javac-extractor-25044] [WARN] Not rewriting trap file for D:\workspace\2025\250530-mobile-demos\demo\codeql-db\trap\java\classes\android\view\LayoutInflater.members\LayoutInflater.members#52.0-1199116800000-java.trap.gz as it exists
[2025-06-10 14:28:52] [javac-extractor-25044] [WARN] Not rewriting trap file for D:\workspace\2025\250530-mobile-demos\demo\codeql-db\trap\java\classes\android\view\View.members\View.members#52.0-1199116800000-java.trap.gz as it exists
[2025-06-10 14:28:52] [javac-extractor-25044] [WARN] Not rewriting trap file for D:\workspace\2025\250530-mobile-demos\demo\codeql-db\trap\java\classes\android\view\ViewGroup.members\ViewGroup.members#52.0-1199116800000-java.trap.gz as it exists
[2025-06-10 14:28:52] [javac-extractor-25044] [WARN] Not rewriting trap file for D:\workspace\2025\250530-mobile-demos\demo\codeql-db\trap\java\classes\androidx\annotation\NonNull.members\NonNull.members#52.0-318182400000-java.trap.gz as it exists
[2025-06-10 14:28:52] [javac-extractor-25044] [WARN] Not rewriting trap file for D:\workspace\2025\250530-mobile-demos\demo\codeql-db\trap\java\classes\androidx\annotation\Nullable.members\Nullable.members#52.0-318182400000-java.trap.gz as it exists
[2025-06-10 14:28:52] [javac-extractor-25044] [WARN] Not rewriting trap file for D:\workspace\2025\250530-mobile-demos\demo\codeql-db\trap\java\classes\androidx\constraintlayout\widget\ConstraintLayout.members\ConstraintLayout.members#52.0-347130062000-java.trap.gz as it exists
[2025-06-10 14:28:52] [javac-extractor-25044] [WARN] Not rewriting trap file for D:\workspace\2025\250530-mobile-demos\demo\codeql-db\trap\java\classes\androidx\viewbinding\ViewBinding.members\ViewBinding.members#52.0-347130062000-java.trap.gz as it exists
[2025-06-10 14:28:52] [javac-extractor-25044] [WARN] Not rewriting trap file for D:\workspace\2025\250530-mobile-demos\demo\codeql-db\trap\java\classes\com\example\demo\R.members\R.members#52.0-347130062000-java.trap.gz as it exists
[2025-06-10 14:28:52] [javac-extractor-25044] [WARN] Not rewriting trap file for D:\workspace\2025\250530-mobile-demos\demo\codeql-db\trap\java\classes\java\lang\NullPointerException.members\NullPointerException.members#52.0-1749454011534-java.trap.gz as it exists
[2025-06-10 14:28:52] [javac-extractor-25044] [WARN] Not rewriting trap file for D:\workspace\2025\250530-mobile-demos\demo\codeql-db\trap\java\classes\java\lang\Override.members\Override.members#52.0-1749454011534-java.trap.gz as it exists
[2025-06-10 14:28:52] [javac-extractor-25044] [WARN] Not rewriting trap file for D:\workspace\2025\250530-mobile-demos\demo\codeql-db\trap\java\classes\java\lang\Object.members\Object.members#52.0-1749454011534-java.trap.gz as it exists
[2025-06-10 14:28:52] [javac-extractor-25044] [WARN] Not rewriting trap file for D:\workspace\2025\250530-mobile-demos\demo\codeql-db\trap\java\classes\com\example\demo\R$layout.members\R$layout.members#52.0-347130062000-java.trap.gz as it exists
[2025-06-10 14:28:52] [javac-extractor-25044] [WARN] Not rewriting trap file for D:\workspace\2025\250530-mobile-demos\demo\codeql-db\trap\java\classes\java\lang\String.members\String.members#52.0-1749454011534-java.trap.gz as it exists
[2025-06-10 14:28:52] [javac-extractor-25044] Javac init time: 1.9s
[2025-06-10 14:28:52] [javac-extractor-25044] Javac attr time: 0.2s
[2025-06-10 14:28:52] [javac-extractor-25044] Extractor time: 0.3s
[2025-06-10 14:28:52] [javac-extractor-25044] Other time: 0.3s
[2025-06-10 14:28:52] [javac-extractor-25044] Total time: 2.7s
